[1031/004620:ERROR:icu_util.cc(162)] Invalid file descriptor to ICU data received.
[1031/004620:FATAL:icu_util.cc(265)] Check failed: result. 
Backtrace:
	CertificateErrorController::CertificateErrorController [0x00007FFE87D346F1+97]
	QEnableSharedFromThis<QtWebEngineCore::BrowserContextAdapter>::QEnableSharedFromThis<QtWebEngineCore::BrowserContextAdapter> [0x00007FFE87CFE964+1759540]
	CertificateErrorController::CertificateErrorController [0x00007FFE885F4328+9174168]
	QtWebEngineCore::BrowserContextAdapterClient::operator= [0x00007FFE872EC5B0+2625232]
	QtWebEngineCore::WebContentsAdapter::webContents [0x00007FFE8704F2B3+17811]
	QtWebEngineCore::WebContentsAdapter::webContents [0x00007FFE8704F646+18726]
	QtWebEngineCore::WebEngineSettings::initDefaults [0x00007FFE87055631+5985]
	QWebEngineProfile::QWebEngineProfile [0x00007FFEBF91A353+435]
	QWebEngineProfile::QWebEngineProfile [0x00007FFEBF91A25B+187]
	WebEngineInteropHandler<ScrollPositionInteropObject>::CurrentInteropObject [0x00007FFEA8008785+1477]
	TableauWebEngineView::tr [0x00007FFEA8000D05+329]
	WebEnginePageAllocator::NewPage [0x00007FFEA80010ED+129]
	WebEnginePageAllocator::EnsureMinPooledPages [0x00007FFEA8000E9B+47]
	Workspace::GetObservable [0x00007FFE9B065148+8708]
	QObject::event [0x000000006D5E0A48+216]
	QWidget::event [0x000000006CE00B9D+3741]
	QApplicationPrivate::notify_helper [0x000000006CDD6910+320]
	QApplication::notify [0x000000006CDD5E3D+6637]
	TApplication::notify [0x00007FFE9B041111+221]
	QCoreApplication::notifyInternal2 [0x000000006D5BCE09+185]
	QCoreApplicationPrivate::sendPostedEvents [0x000000006D5BEBCD+557]
	qt_plugin_query_metadata [0x00007FFE8EBA9B0F+9423]
	QEventDispatcherWin32::processEvents [0x000000006D6032C8+3480]
	CallWindowProcW [0x00007FFEDE7DBC50+1232]
	DispatchMessageW [0x00007FFEDE7DB5CF+431]
	QEventDispatcherWin32::processEvents [0x000000006D602A00+1232]
	qt_plugin_query_metadata [0x00007FFE8EBA9AE9+9385]
	QEventLoop::exec [0x000000006D5B9603+435]
	QCoreApplication::exec [0x000000006D5BBC07+327]
	TApplication::LaunchUI [0x00007FFE9B03FE92+3594]
	TApplication::Startup [0x00007FFE9B040E0C+1000]
	(No symbol) [0x00007FF606CD267B]
	(No symbol) [0x00007FF606CF2AD4]
	(No symbol) [0x00007FF606CF181F]
	BaseThreadInitThunk [0x00007FFEDF382784+20]
	RtlUserThreadStart [0x00007FFEE10A0C31+33]

